<?xml version="1.0" encoding="UTF-8"?>
<!-- Generated by org.testng.reporters.JUnitReportReporter -->
<testsuite hostname="JJPL248-PC" name="com.operations.NewTest1" tests="1" failures="0" timestamp="10 Oct 2019 12:22:28 GMT" time="15.383" errors="0">
  <testcase name="f" time="15.383" classname="com.operations.NewTest1"/>
</testsuite> <!-- com.operations.NewTest1 -->
