<?xml version="1.0" encoding="UTF-8"?>
<!-- Generated by org.testng.reporters.JUnitReportReporter -->
<testsuite hostname="JJPL248-PC" name="com.operations.NewTest" tests="2" failures="0" timestamp="16 Oct 2019 15:23:10 GMT" time="0.031" errors="0">
  <testcase name="f1" time="0.015" classname="com.operations.NewTest"/>
  <testcase name="f" time="0.016" classname="com.operations.NewTest"/>
</testsuite> <!-- com.operations.NewTest -->
