<?xml version="1.0" encoding="UTF-8"?>
<!-- Generated by org.testng.reporters.JUnitReportReporter -->
<testsuite hostname="JJPL248-PC" name="com.operations.pride.NewTest" tests="1" failures="0" timestamp="17 Sep 2019 15:45:37 GMT" time="0.030" errors="0">
  <testcase name="f" time="0.030" classname="com.operations.pride.NewTest"/>
</testsuite> <!-- com.operations.pride.NewTest -->
